{"numFailedTestSuites":0,"numFailedTests":0,"numPassedTestSuites":1,"numPassedTests":13,"numPendingTestSuites":0,"numPendingTests":0,"numRuntimeErrorTestSuites":0,"numTodoTests":0,"numTotalTestSuites":1,"numTotalTests":13,"openHandles":[],"snapshot":{"added":0,"didUpdate":false,"failure":false,"filesAdded":0,"filesRemoved":0,"filesRemovedList":[],"filesUnmatched":0,"filesUpdated":0,"matched":0,"total":0,"unchecked":0,"uncheckedKeysByFile":[],"unmatched":0,"updated":0},"startTime":1774184465325,"success":true,"testResults":[{"assertionResults":[{"ancestorTitles":["ApartmentMapping Unit Tests","normalizeAptName()"],"duration":2,"failing":false,"failureDetails":[],"failureMessages":[],"fullName":"ApartmentMapping Unit Tests normalizeAptName() should remove zero-width characters and spaces","invocations":1,"location":null,"numPassingAsserts":1,"retryReasons":[],"startAt":1774184465877,"status":"passed","title":"should remove zero-width characters and spaces"},{"ancestorTitles":["ApartmentMapping Unit Tests","normalizeAptName()"],"duration":0,"failing":false,"failureDetails":[],"failureMessages":[],"fullName":"ApartmentMapping Unit Tests normalizeAptName() should strip bracketed dong prefix","invocations":1,"location":null,"numPassingAsserts":2,"retryReasons":[],"startAt":1774184465880,"status":"passed","title":"should strip bracketed dong prefix"},{"ancestorTitles":["ApartmentMapping Unit Tests","normalizeAptName()"],"duration":1,"failing":false,"failureDetails":[],"failureMessages":[],"fullName":"ApartmentMapping Unit Tests normalizeAptName() should strip parentheses","invocations":1,"location":null,"numPassingAsserts":1,"retryReasons":[],"startAt":1774184465880,"status":"passed","title":"should strip parentheses"},{"ancestorTitles":["ApartmentMapping Unit Tests","normalizeAptName()"],"duration":0,"failing":false,"failureDetails":[],"failureMessages":[],"fullName":"ApartmentMapping Unit Tests normalizeAptName() should handle NFC/NFD normalization correctly","invocations":1,"location":null,"numPassingAsserts":1,"retryReasons":[],"startAt":1774184465881,"status":"passed","title":"should handle NFC/NFD normalization correctly"},{"ancestorTitles":["ApartmentMapping Unit Tests","isSameApartment()"],"duration":1,"failing":false,"failureDetails":[],"failureMessages":[],"fullName":"ApartmentMapping Unit Tests isSameApartment() should return true for identical logical apartments despite formatting","invocations":1,"location":null,"numPassingAsserts":2,"retryReasons":[],"startAt":1774184465881,"status":"passed","title":"should return true for identical logical apartments despite formatting"},{"ancestorTitles":["ApartmentMapping Unit Tests","isSameApartment()"],"duration":0,"failing":false,"failureDetails":[],"failureMessages":[],"fullName":"ApartmentMapping Unit Tests isSameApartment() should return false for different apartments","invocations":1,"location":null,"numPassingAsserts":2,"retryReasons":[],"startAt":1774184465882,"status":"passed","title":"should return false for different apartments"},{"ancestorTitles":["ApartmentMapping Unit Tests","isSameApartment()"],"duration":0,"failing":false,"failureDetails":[],"failureMessages":[],"fullName":"ApartmentMapping Unit Tests isSameApartment() should safely handle undefined or empty inputs without crashing","invocations":1,"location":null,"numPassingAsserts":2,"retryReasons":[],"startAt":1774184465882,"status":"passed","title":"should safely handle undefined or empty inputs without crashing"},{"ancestorTitles":["ApartmentMapping Unit Tests","findTxKey() cascading logic"],"duration":1,"failing":false,"failureDetails":[],"failureMessages":[],"fullName":"ApartmentMapping Unit Tests findTxKey() cascading logic Step 1: exact match after normalizer","invocations":1,"location":null,"numPassingAsserts":2,"retryReasons":[],"startAt":1774184465882,"status":"passed","title":"Step 1: exact match after normalizer"},{"ancestorTitles":["ApartmentMapping Unit Tests","findTxKey() cascading logic"],"duration":0,"failing":false,"failureDetails":[],"failureMessages":[],"fullName":"ApartmentMapping Unit Tests findTxKey() cascading logic Step 2: match after stripping long location prefixes","invocations":1,"location":null,"numPassingAsserts":2,"retryReasons":[],"startAt":1774184465883,"status":"passed","title":"Step 2: match after stripping long location prefixes"},{"ancestorTitles":["ApartmentMapping Unit Tests","findTxKey() cascading logic"],"duration":1,"failing":false,"failureDetails":[],"failureMessages":[],"fullName":"ApartmentMapping Unit Tests findTxKey() cascading logic Step 3: deep normalization fallback","invocations":1,"location":null,"numPassingAsserts":6,"retryReasons":[],"startAt":1774184465883,"status":"passed","title":"Step 3: deep normalization fallback"},{"ancestorTitles":["ApartmentMapping Unit Tests","findTxKey() cascading logic"],"duration":1,"failing":false,"failureDetails":[],"failureMessages":[],"fullName":"ApartmentMapping Unit Tests findTxKey() cascading logic Step 0: Manual mapping takes absolute precedence over logic","invocations":1,"location":null,"numPassingAsserts":1,"retryReasons":[],"startAt":1774184465884,"status":"passed","title":"Step 0: Manual mapping takes absolute precedence over logic"},{"ancestorTitles":["ApartmentMapping Unit Tests","getAreaType()"],"duration":0,"failing":false,"failureDetails":[],"failureMessages":[],"fullName":"ApartmentMapping Unit Tests getAreaType() should return correct type for known area size","invocations":1,"location":null,"numPassingAsserts":2,"retryReasons":[],"startAt":1774184465885,"status":"passed","title":"should return correct type for known area size"},{"ancestorTitles":["ApartmentMapping Unit Tests","getAreaType()"],"duration":0,"failing":false,"failureDetails":[],"failureMessages":[],"fullName":"ApartmentMapping Unit Tests getAreaType() should return null for unknown apt or area","invocations":1,"location":null,"numPassingAsserts":2,"retryReasons":[],"startAt":1774184465885,"status":"passed","title":"should return null for unknown apt or area"}],"endTime":1774184465887,"message":"","name":"C:\\Users\\ocs56\\OneDrive\\바탕 화면\\PORTFOLIO\\PORTFOLIO - DTDLS\\frontend\\src\\lib\\utils\\apartmentMapping.test.ts","startTime":1774184465570,"status":"passed","summary":""}],"wasInterrupted":false}
